<?xml version="1.0" encoding="UTF-8"?>
<coverage generated="1689972851935" clover="3.2.0">
  <project timestamp="1689972851935" name="All files">
    <metrics statements="9" coveredstatements="0" conditionals="0" coveredconditionals="0" methods="2" coveredmethods="0" elements="11" coveredelements="0" complexity="0" loc="9" ncloc="9" packages="1" files="2" classes="2"/>
    <file name="metro.config.js" path="/home/jose/Documents/Projetos/rock-paper-scissors-lizard-spock/metro.config.js">
      <metrics statements="8" coveredstatements="0" conditionals="0" coveredconditionals="0" methods="2" coveredmethods="0"/>
      <line num="1" count="0" type="stmt"/>
      <line num="3" count="0" type="stmt"/>
      <line num="4" count="0" type="stmt"/>
      <line num="6" count="0" type="stmt"/>
      <line num="8" count="0" type="stmt"/>
      <line num="12" count="0" type="stmt"/>
      <line num="14" count="0" type="stmt"/>
      <line num="18" count="0" type="stmt"/>
    </file>
    <file name="tailwind.config.js" path="/home/jose/Documents/Projetos/rock-paper-scissors-lizard-spock/tailwind.config.js">
      <metrics statements="1" coveredstatements="0" conditionals="0" coveredconditionals="0" methods="0" coveredmethods="0"/>
      <line num="3" count="0" type="stmt"/>
    </file>
  </project>
</coverage>
